Arguments: 
  C:\Program Files\nodejs\node.exe C:\Users\giuli\AppData\Roaming\npm\node_modules\yarn\bin\yarn.js

PATH: 
  C:\Python310\Scripts\;C:\Python310\;C:\Windows\system32;C:\Windows;C:\Windows\System32\Wbem;C:\Windows\System32\WindowsPowerShell\v1.0\;C:\Windows\System32\OpenSSH\;C:\ProgramData\chocolatey\bin;C:\Program Files\nodejs\;C:\Program Files (x86)\Google\Cloud SDK\google-cloud-sdk\bin;C:\Users\giuli\AppData\Local\Microsoft\WindowsApps;C:\Users\giuli\AppData\Roaming\npm;C:\Users\giuli\AppData\Local\Programs\Microsoft VS Code\bin;C:\Users\giuli\AppData\Local\GitHubDesktop\bin

Yarn version: 
  1.22.17

Node version: 
  16.13.2

Platform: 
  win32 x64

Trace: 
  Error: https://registry.yarnpkg.com/babel%2fcore: Request "https://registry.yarnpkg.com/babel%2fcore" returned a 405
      at Request.params.callback [as _callback] (C:\Users\giuli\AppData\Roaming\npm\node_modules\yarn\lib\cli.js:67038:18)
      at Request.self.callback (C:\Users\giuli\AppData\Roaming\npm\node_modules\yarn\lib\cli.js:140883:22)
      at Request.emit (node:events:390:28)
      at Request.<anonymous> (C:\Users\giuli\AppData\Roaming\npm\node_modules\yarn\lib\cli.js:141855:10)
      at Request.emit (node:events:390:28)
      at IncomingMessage.<anonymous> (C:\Users\giuli\AppData\Roaming\npm\node_modules\yarn\lib\cli.js:141777:12)
      at Object.onceWrapper (node:events:509:28)
      at IncomingMessage.emit (node:events:402:35)
      at endReadableNT (node:internal/streams/readable:1343:12)
      at processTicksAndRejections (node:internal/process/task_queues:83:21)

npm manifest: 
  {
    "name": "01-github-explorer",
    "version": "1.0.0",
    "main": "index.js",
    "license": "MIT",
    "scripts": {
      "dev": "webpack serve",
      "build": "cross-env NODE_ENV=production webpack"
    },
    "dependencies": {
      "@babel/plugin-syntax-jsx": "^7.16.7",
      "react": "^17.0.2",
      "react-dom": "^17.0.2"
    },
    "devDependencies": {
      "@babel/cli": "^7.17.6",
      "babel/core": "^6.26.0",
      "babel/preset-env": "^1.6.1",
      "@babel/preset-react": "^7.16.7",
      "@babel/preset-typescript": "^7.16.7",
      "@pmmmwh/react-refresh-webpack-plugin": "^0.5.4",
      "@types/react": "^17.0.42",
      "@types/react-dom": "^17.0.14",
      "babel-loader": "^7.1.4",
      "cross-env": "^7.0.3",
      "css-loader": "^6.7.1",
      "html-loader": "^3.1.0",
      "html-webpack-plugin": "^5.5.0",
      "mini-css-extract-plugin": "^2.6.0",
      "node-sass": "^7.0.1",
      "react-refresh": "^0.11.0",
      "sass-loader": "^12.6.0",
      "style-loader": "^3.3.1",
      "typescript": "^4.6.2",
      "webpack": "^5.70.0",
      "webpack-cli": "^4.9.2",
      "webpack-dev-server": "^4.7.4"
    }
  }

yarn manifest: 
  No manifest

Lockfile: 
  No lockfile
